<?xml version="1.0" encoding="UTF-8"?>
<!-- Generated by org.testng.reporters.JUnitReportReporter -->
<testsuite hostname="192.168.1.2" failures="0" tests="2" name="Test.AccountEdits" time="37.531" errors="0" timestamp="2021-06-18T00:08:06 UYT" skipped="0">
  <testcase classname="Test.AccountEdits" name="EmployeeNumberCheck" time="8.442"/>
  <system-out/>
  <testcase classname="Test.AccountEdits" name="EditAccount" time="29.089"/>
  <system-out/>
</testsuite> <!-- Test.AccountEdits -->
