<?xml version="1.0" encoding="UTF-8"?>
<!-- Generated by org.testng.reporters.JUnitReportReporter -->
<testsuite hostname="192.168.1.2" failures="0" tests="4" name="cucumberOptions.TestNGRunner" time="292.242" errors="0" timestamp="2021-06-23T14:07:08 UYT" skipped="0">
  <testcase classname="cucumberOptions.TestNGRunner" name="runScenario" time="75.083"/>
  <system-out/>
  <testcase classname="cucumberOptions.TestNGRunner" name="runScenario" time="91.887"/>
  <system-out/>
  <testcase classname="cucumberOptions.TestNGRunner" name="runScenario" time="77.617"/>
  <system-out/>
  <testcase classname="cucumberOptions.TestNGRunner" name="runScenario" time="47.655"/>
  <system-out/>
</testsuite> <!-- cucumberOptions.TestNGRunner -->
