<?xml version="1.0" encoding="UTF-8"?>
<!-- Generated by org.testng.reporters.JUnitReportReporter -->
<testsuite hostname="192.168.1.2" failures="0" tests="1" name="Test.NavigateAllTabs" time="100.691" errors="0" timestamp="2021-06-18T00:08:06 UYT" skipped="0">
  <testcase classname="Test.NavigateAllTabs" name="Clicks" time="100.691"/>
  <system-out/>
</testsuite> <!-- Test.NavigateAllTabs -->
